<?xml version="1.0" encoding="UTF-8"?>
<testng-results ignored="0" total="2" passed="2" failed="0" skipped="0">
  <reporter-output>
  </reporter-output>
  <suite started-at="2022-09-16T16:20:03 IST" name="Suite" finished-at="2022-09-16T16:20:56 IST" duration-ms="52798">
    <groups>
      <group name="regression">
        <method signature="TC_001_AccountRegistrationTest.accountRegistration()[pri:0, instance:testCases.TC_001_AccountRegistrationTest@4310d43]" name="accountRegistration" class="testCases.TC_001_AccountRegistrationTest"/>
      </group> <!-- regression -->
      <group name="sanity">
        <method signature="TC_002_LoginTest.LoginTest()[pri:0, instance:testCases.TC_002_LoginTest@4659191b]" name="LoginTest" class="testCases.TC_002_LoginTest"/>
      </group> <!-- sanity -->
      <group name="master">
        <method signature="TC_001_AccountRegistrationTest.accountRegistration()[pri:0, instance:testCases.TC_001_AccountRegistrationTest@4310d43]" name="accountRegistration" class="testCases.TC_001_AccountRegistrationTest"/>
        <method signature="TC_002_LoginTest.LoginTest()[pri:0, instance:testCases.TC_002_LoginTest@4659191b]" name="LoginTest" class="testCases.TC_002_LoginTest"/>
      </group> <!-- master -->
    </groups>
    <test started-at="2022-09-16T16:20:03 IST" name="Test" finished-at="2022-09-16T16:20:56 IST" duration-ms="52798">
      <class name="testCases.TC_001_AccountRegistrationTest">
        <test-method is-config="true" signature="setup(java.lang.String)[pri:0, instance:testCases.TC_001_AccountRegistrationTest@4310d43]" started-at="2022-09-16T16:20:05 IST" name="setup" finished-at="2022-09-16T16:20:31 IST" duration-ms="26546" status="PASS">
          <params>
            <param index="0">
              <value>
                <![CDATA[chrome]]>
              </value>
            </param>
          </params>
          <reporter-output>
          </reporter-output>
        </test-method> <!-- setup -->
        <test-method signature="accountRegistration()[pri:0, instance:testCases.TC_001_AccountRegistrationTest@4310d43]" started-at="2022-09-16T16:20:31 IST" name="accountRegistration" finished-at="2022-09-16T16:20:42 IST" duration-ms="10390" status="PASS">
          <reporter-output>
          </reporter-output>
        </test-method> <!-- accountRegistration -->
        <test-method is-config="true" signature="teardown()[pri:0, instance:testCases.TC_001_AccountRegistrationTest@4310d43]" started-at="2022-09-16T16:20:42 IST" name="teardown" finished-at="2022-09-16T16:20:43 IST" duration-ms="860" status="PASS">
          <reporter-output>
          </reporter-output>
        </test-method> <!-- teardown -->
      </class> <!-- testCases.TC_001_AccountRegistrationTest -->
      <class name="testCases.TC_002_LoginTest">
        <test-method is-config="true" signature="setup(java.lang.String)[pri:0, instance:testCases.TC_002_LoginTest@4659191b]" started-at="2022-09-16T16:20:43 IST" name="setup" finished-at="2022-09-16T16:20:51 IST" duration-ms="8307" status="PASS">
          <params>
            <param index="0">
              <value>
                <![CDATA[chrome]]>
              </value>
            </param>
          </params>
          <reporter-output>
          </reporter-output>
        </test-method> <!-- setup -->
        <test-method signature="LoginTest()[pri:0, instance:testCases.TC_002_LoginTest@4659191b]" started-at="2022-09-16T16:20:51 IST" name="LoginTest" finished-at="2022-09-16T16:20:55 IST" duration-ms="4145" status="PASS">
          <reporter-output>
          </reporter-output>
        </test-method> <!-- LoginTest -->
        <test-method is-config="true" signature="teardown()[pri:0, instance:testCases.TC_002_LoginTest@4659191b]" started-at="2022-09-16T16:20:55 IST" name="teardown" finished-at="2022-09-16T16:20:56 IST" duration-ms="685" status="PASS">
          <reporter-output>
          </reporter-output>
        </test-method> <!-- teardown -->
      </class> <!-- testCases.TC_002_LoginTest -->
    </test> <!-- Test -->
  </suite> <!-- Suite -->
</testng-results>
