<?xml version="1.0" encoding="UTF-8"?>
<testng-results ignored="0" total="2" passed="2" failed="0" skipped="0">
  <reporter-output>
  </reporter-output>
  <suite started-at="2022-09-14T20:29:30 IST" name="Suite" finished-at="2022-09-14T20:30:38 IST" duration-ms="67962">
    <groups>
      <group name="regression">
        <method signature="TC_001_AccountRegistrationTest.accountRegistration()[pri:0, instance:testCases.TC_001_AccountRegistrationTest@4686afc2]" name="accountRegistration" class="testCases.TC_001_AccountRegistrationTest"/>
      </group> <!-- regression -->
      <group name="sanity">
        <method signature="TC_002_LoginTest.LoginTest()[pri:0, instance:testCases.TC_002_LoginTest@6340e5f0]" name="LoginTest" class="testCases.TC_002_LoginTest"/>
      </group> <!-- sanity -->
      <group name="master">
        <method signature="TC_001_AccountRegistrationTest.accountRegistration()[pri:0, instance:testCases.TC_001_AccountRegistrationTest@4686afc2]" name="accountRegistration" class="testCases.TC_001_AccountRegistrationTest"/>
        <method signature="TC_002_LoginTest.LoginTest()[pri:0, instance:testCases.TC_002_LoginTest@6340e5f0]" name="LoginTest" class="testCases.TC_002_LoginTest"/>
      </group> <!-- master -->
    </groups>
    <test started-at="2022-09-14T20:29:30 IST" name="Test" finished-at="2022-09-14T20:30:38 IST" duration-ms="67962">
      <class name="testCases.TC_001_AccountRegistrationTest">
        <test-method is-config="true" signature="setup(java.lang.String)[pri:0, instance:testCases.TC_001_AccountRegistrationTest@4686afc2]" started-at="2022-09-14T20:29:31 IST" name="setup" finished-at="2022-09-14T20:30:00 IST" duration-ms="29077" status="PASS">
          <params>
            <param index="0">
              <value>
                <![CDATA[chrome]]>
              </value>
            </param>
          </params>
          <reporter-output>
          </reporter-output>
        </test-method> <!-- setup -->
        <test-method signature="accountRegistration()[pri:0, instance:testCases.TC_001_AccountRegistrationTest@4686afc2]" started-at="2022-09-14T20:30:01 IST" name="accountRegistration" finished-at="2022-09-14T20:30:22 IST" duration-ms="21977" status="PASS">
          <reporter-output>
          </reporter-output>
        </test-method> <!-- accountRegistration -->
        <test-method is-config="true" signature="teardown()[pri:0, instance:testCases.TC_001_AccountRegistrationTest@4686afc2]" started-at="2022-09-14T20:30:23 IST" name="teardown" finished-at="2022-09-14T20:30:24 IST" duration-ms="1750" status="PASS">
          <reporter-output>
          </reporter-output>
        </test-method> <!-- teardown -->
      </class> <!-- testCases.TC_001_AccountRegistrationTest -->
      <class name="testCases.TC_002_LoginTest">
        <test-method is-config="true" signature="setup(java.lang.String)[pri:0, instance:testCases.TC_002_LoginTest@6340e5f0]" started-at="2022-09-14T20:30:24 IST" name="setup" finished-at="2022-09-14T20:30:32 IST" duration-ms="7363" status="PASS">
          <params>
            <param index="0">
              <value>
                <![CDATA[chrome]]>
              </value>
            </param>
          </params>
          <reporter-output>
          </reporter-output>
        </test-method> <!-- setup -->
        <test-method signature="LoginTest()[pri:0, instance:testCases.TC_002_LoginTest@6340e5f0]" started-at="2022-09-14T20:30:32 IST" name="LoginTest" finished-at="2022-09-14T20:30:37 IST" duration-ms="5614" status="PASS">
          <reporter-output>
          </reporter-output>
        </test-method> <!-- LoginTest -->
        <test-method is-config="true" signature="teardown()[pri:0, instance:testCases.TC_002_LoginTest@6340e5f0]" started-at="2022-09-14T20:30:37 IST" name="teardown" finished-at="2022-09-14T20:30:38 IST" duration-ms="896" status="PASS">
          <reporter-output>
          </reporter-output>
        </test-method> <!-- teardown -->
      </class> <!-- testCases.TC_002_LoginTest -->
    </test> <!-- Test -->
  </suite> <!-- Suite -->
</testng-results>
